<?xml version="1.0" encoding="UTF-8"?>
<!-- Generated by org.testng.reporters.JUnitReportReporter -->
<testsuite hostname="LAPTOP-M19S2UE7" failures="0" tests="2" name="com.selenium.examples.IFrameTest" time="22.079" errors="0" timestamp="2022-09-04T23:56:21 IST" skipped="0">
  <testcase classname="com.selenium.examples.IFrameTest" name="testIFrame" time="6.605"/>
  <system-out/>
  <testcase classname="com.selenium.examples.IFrameTest" name="testNestedIFrame" time="15.474"/>
  <system-out/>
</testsuite> <!-- com.selenium.examples.IFrameTest -->
