<?xml version="1.0" encoding="UTF-8"?>
<!-- Generated by org.testng.reporters.JUnitReportReporter -->
<testsuite hostname="LAPTOP-M19S2UE7" failures="0" tests="1" name="com.test.ActionExample" time="8.888" errors="0" timestamp="2022-08-28T00:18:35 IST" skipped="0">
  <testcase classname="com.test.ActionExample" name="testDragDrop" time="8.888"/>
  <system-out/>
</testsuite> <!-- com.test.ActionExample -->
