<?xml version="1.0" encoding="UTF-8"?>
<!-- Generated by org.testng.reporters.JUnitReportReporter -->
<testsuite hostname="LAPTOP-M19S2UE7" failures="0" tests="1" name="com.test.IFrameTest" time="17.537" errors="0" timestamp="2022-08-28T23:22:00 IST" skipped="0">
  <testcase classname="com.test.IFrameTest" name="testNestedIFrame" time="17.537"/>
  <system-out/>
</testsuite> <!-- com.test.IFrameTest -->
