<?xml version="1.0" encoding="UTF-8"?>
<!-- Generated by org.testng.reporters.JUnitReportReporter -->
<testsuite hostname="LAPTOP-M19S2UE7" failures="0" tests="5" name="com.api.tests.APITests" time="8.284" errors="0" timestamp="2022-08-29T00:56:07 IST" skipped="0">
  <testcase classname="com.api.tests.APITests" name="getPetsById" time="1.264"/>
  <system-out/>
  <testcase classname="com.api.tests.APITests" name="testAddPets" time="1.951"/>
  <system-out/>
  <testcase classname="com.api.tests.APITests" name="deletePets" time="1.234"/>
  <system-out/>
  <testcase classname="com.api.tests.APITests" name="getPets" time="2.564"/>
  <system-out/>
  <testcase classname="com.api.tests.APITests" name="testUpdatePets" time="1.271"/>
  <system-out/>
</testsuite> <!-- com.api.tests.APITests -->
