<?xml version="1.0" encoding="UTF-8"?>
<!-- Generated by org.testng.reporters.JUnitReportReporter -->
<testsuite hostname="LAPTOP-M19S2UE7" failures="0" tests="1" name="com.test.FacebookSignUp" time="4.060" errors="0" timestamp="2022-08-22T00:44:34 IST" skipped="0">
  <testcase classname="com.test.FacebookSignUp" name="testFacbookSignUp" time="4.060"/>
  <system-out/>
</testsuite> <!-- com.test.FacebookSignUp -->
