<?xml version="1.0" encoding="UTF-8"?>
<!-- Generated by org.testng.reporters.JUnitReportReporter -->
<testsuite hostname="LAPTOP-M19S2UE7" failures="0" tests="1" name="com.test.SeleniumTest" time="3.220" errors="0" timestamp="2022-08-21T23:07:28 IST" skipped="0">
  <testcase classname="com.test.SeleniumTest" name="testSelenium" time="3.220"/>
  <system-out/>
</testsuite> <!-- com.test.SeleniumTest -->
