<?xml version="1.0" encoding="UTF-8"?>
<!-- Generated by org.testng.reporters.JUnitReportReporter -->
<testsuite hostname="LAPTOP-M19S2UE7" failures="0" tests="1" name="com.test.JS" time="7.827" errors="0" timestamp="2022-08-28T23:54:29 IST" skipped="0">
  <testcase classname="com.test.JS" name="testSelenium" time="7.827"/>
  <system-out/>
</testsuite> <!-- com.test.JS -->
