<?xml version="1.0" encoding="UTF-8"?>
<!-- Generated by org.testng.reporters.JUnitReportReporter -->
<testsuite hostname="LAPTOP-M19S2UE7" failures="0" tests="1" name="com.test.CheckBox" time="7.281" errors="0" timestamp="2022-08-27T22:55:20 IST" skipped="0">
  <testcase classname="com.test.CheckBox" name="testFacbookSignUp" time="7.281"/>
  <system-out/>
</testsuite> <!-- com.test.CheckBox -->
