<?xml version="1.0" encoding="UTF-8"?>
<!-- Generated by org.testng.reporters.JUnitReportReporter -->
<testsuite hostname="LAPTOP-M19S2UE7" failures="0" tests="1" name="com.test.jcpennary.CheckOutWithExistingUser" time="15.696" errors="0" timestamp="2022-09-04T00:54:31 IST" skipped="0">
  <testcase classname="com.test.jcpennary.CheckOutWithExistingUser" name="checkoutWithUser" time="15.696"/>
  <system-out/>
</testsuite> <!-- com.test.jcpennary.CheckOutWithExistingUser -->
