<?xml version="1.0" encoding="UTF-8"?>
<!-- Generated by org.testng.reporters.JUnitReportReporter -->
<testsuite hostname="LAPTOP-M19S2UE7" failures="0" tests="1" name="com.selenium.examples.ScreenshotOfPage" time="6.858" errors="0" timestamp="2022-08-29T01:05:54 IST" skipped="0">
  <testcase classname="com.selenium.examples.ScreenshotOfPage" name="testSelenium" time="6.858"/>
  <system-out/>
</testsuite> <!-- com.selenium.examples.ScreenshotOfPage -->
