<?xml version="1.0" encoding="UTF-8"?>
<!-- Generated by org.testng.reporters.JUnitReportReporter -->
<testsuite hostname="LAPTOP-M19S2UE7" failures="0" tests="5" name="com.api.tests.APITests" time="9.007" errors="0" timestamp="2022-09-04T23:54:57 IST" skipped="0">
  <testcase classname="com.api.tests.APITests" name="testUpdatePets" time="1.283"/>
  <system-out/>
  <testcase classname="com.api.tests.APITests" name="testAddPets" time="2.159"/>
  <system-out/>
  <testcase classname="com.api.tests.APITests" name="deletePets" time="1.239"/>
  <system-out/>
  <testcase classname="com.api.tests.APITests" name="getPetsById" time="1.272"/>
  <system-out/>
  <testcase classname="com.api.tests.APITests" name="getPets" time="3.054"/>
  <system-out/>
</testsuite> <!-- com.api.tests.APITests -->
